==================================================
[2026-04-01T10:14:03+07:00] START feed update automation
Using compose dir: /workspace
Using log file: /app/logs/feed-update.log
Force update: false
Resolved compose file: /workspace/docker-compose.yml
Feed services: vulnerability-tests notus-data scap-data cert-bund-data dfn-cert-data report-formats data-objects
Checking feed images one by one...
--------------------------------------------------
Service: vulnerability-tests
Image:   registry.community.greenbone.net/community/vulnerability-tests
Before:  sha256:014f1c3fe0a8cef02b46273a757038761a7f0ba7ad94527ac994be399f6a651b
Pull attempt 1/3 for registry.community.greenbone.net/community/vulnerability-tests
Using default tag: latest
latest: Pulling from community/vulnerability-tests
Digest: sha256:014f1c3fe0a8cef02b46273a757038761a7f0ba7ad94527ac994be399f6a651b
Status: Image is up to date for registry.community.greenbone.net/community/vulnerability-tests:latest
registry.community.greenbone.net/community/vulnerability-tests:latest
After:   sha256:014f1c3fe0a8cef02b46273a757038761a7f0ba7ad94527ac994be399f6a651b
No image change for service 'vulnerability-tests'
--------------------------------------------------
Service: notus-data
Image:   registry.community.greenbone.net/community/notus-data
Before:  sha256:148f4840692dc20bdd9b1d9495dc3cafe5bd4a329ef574a7e80fd691dba3d7d2
Pull attempt 1/3 for registry.community.greenbone.net/community/notus-data
Using default tag: latest
latest: Pulling from community/notus-data
Digest: sha256:148f4840692dc20bdd9b1d9495dc3cafe5bd4a329ef574a7e80fd691dba3d7d2
Status: Image is up to date for registry.community.greenbone.net/community/notus-data:latest
registry.community.greenbone.net/community/notus-data:latest
After:   sha256:148f4840692dc20bdd9b1d9495dc3cafe5bd4a329ef574a7e80fd691dba3d7d2
No image change for service 'notus-data'
--------------------------------------------------
Service: scap-data
Image:   registry.community.greenbone.net/community/scap-data
Before:  sha256:3bc60763f649e2a63c833e6c018c2ed53bf848de8ce16c665728b0b65d63e31f
Pull attempt 1/3 for registry.community.greenbone.net/community/scap-data
Using default tag: latest
latest: Pulling from community/scap-data
Digest: sha256:3bc60763f649e2a63c833e6c018c2ed53bf848de8ce16c665728b0b65d63e31f
Status: Image is up to date for registry.community.greenbone.net/community/scap-data:latest
registry.community.greenbone.net/community/scap-data:latest
After:   sha256:3bc60763f649e2a63c833e6c018c2ed53bf848de8ce16c665728b0b65d63e31f
No image change for service 'scap-data'
--------------------------------------------------
Service: cert-bund-data
Image:   registry.community.greenbone.net/community/cert-bund-data
Before:  sha256:491d0f067a972ee6f5ca185293c42370e6be9e986a766bc70896de28ba35b594
Pull attempt 1/3 for registry.community.greenbone.net/community/cert-bund-data
Using default tag: latest
latest: Pulling from community/cert-bund-data
Digest: sha256:491d0f067a972ee6f5ca185293c42370e6be9e986a766bc70896de28ba35b594
Status: Image is up to date for registry.community.greenbone.net/community/cert-bund-data:latest
registry.community.greenbone.net/community/cert-bund-data:latest
After:   sha256:491d0f067a972ee6f5ca185293c42370e6be9e986a766bc70896de28ba35b594
No image change for service 'cert-bund-data'
--------------------------------------------------
Service: dfn-cert-data
Image:   registry.community.greenbone.net/community/dfn-cert-data
Before:  sha256:4ce26867b3f0dec560fbbf5a49d996a854e2e3752c2bc9c34e9f9ec3d7d9a6cb
Pull attempt 1/3 for registry.community.greenbone.net/community/dfn-cert-data
Using default tag: latest
latest: Pulling from community/dfn-cert-data
Digest: sha256:4ce26867b3f0dec560fbbf5a49d996a854e2e3752c2bc9c34e9f9ec3d7d9a6cb
Status: Image is up to date for registry.community.greenbone.net/community/dfn-cert-data:latest
registry.community.greenbone.net/community/dfn-cert-data:latest
After:   sha256:4ce26867b3f0dec560fbbf5a49d996a854e2e3752c2bc9c34e9f9ec3d7d9a6cb
No image change for service 'dfn-cert-data'
--------------------------------------------------
Service: report-formats
Image:   registry.community.greenbone.net/community/report-formats
Before:  sha256:605cafb0d8fda5a2cc1c47ffab9445114536ce393968c9389ff4d372f295aaa0
Pull attempt 1/3 for registry.community.greenbone.net/community/report-formats
Using default tag: latest
latest: Pulling from community/report-formats
Digest: sha256:605cafb0d8fda5a2cc1c47ffab9445114536ce393968c9389ff4d372f295aaa0
Status: Image is up to date for registry.community.greenbone.net/community/report-formats:latest
registry.community.greenbone.net/community/report-formats:latest
After:   sha256:605cafb0d8fda5a2cc1c47ffab9445114536ce393968c9389ff4d372f295aaa0
No image change for service 'report-formats'
--------------------------------------------------
Service: data-objects
Image:   registry.community.greenbone.net/community/data-objects
Before:  sha256:40853fcac47d54feb3dce8c61ab2e8a1060bb541f8c626d98676e19de00af146
Pull attempt 1/3 for registry.community.greenbone.net/community/data-objects
Using default tag: latest
latest: Pulling from community/data-objects
Digest: sha256:40853fcac47d54feb3dce8c61ab2e8a1060bb541f8c626d98676e19de00af146
Status: Image is up to date for registry.community.greenbone.net/community/data-objects:latest
registry.community.greenbone.net/community/data-objects:latest
After:   sha256:40853fcac47d54feb3dce8c61ab2e8a1060bb541f8c626d98676e19de00af146
No image change for service 'data-objects'
No new feed updates found.
UPDATED=false
RESULT_TYPE=no_update
[2026-04-01T10:14:11+07:00] FEED CHECK DONE (NO UPDATE)
==================================================
==================================================
[2026-04-02T09:46:15+07:00] START feed update automation
Using compose dir: /workspace
Using log file: /app/logs/feed-update.log
Force update: false
Resolved compose file: /workspace/docker-compose.yml
Feed services: vulnerability-tests notus-data scap-data cert-bund-data dfn-cert-data report-formats data-objects
Checking feed images one by one...
--------------------------------------------------
Service: vulnerability-tests
Image:   registry.community.greenbone.net/community/vulnerability-tests
Before:  sha256:6ea12699376e4dc2c57d72bbfbfb7c3f3e4645ca1fb9c388cfb0b6e6449918f6
Pull attempt 1/3 for registry.community.greenbone.net/community/vulnerability-tests
Using default tag: latest
latest: Pulling from community/vulnerability-tests
Digest: sha256:6ea12699376e4dc2c57d72bbfbfb7c3f3e4645ca1fb9c388cfb0b6e6449918f6
Status: Image is up to date for registry.community.greenbone.net/community/vulnerability-tests:latest
registry.community.greenbone.net/community/vulnerability-tests:latest
After:   sha256:6ea12699376e4dc2c57d72bbfbfb7c3f3e4645ca1fb9c388cfb0b6e6449918f6
No image change for service 'vulnerability-tests'
--------------------------------------------------
Service: notus-data
Image:   registry.community.greenbone.net/community/notus-data
Before:  sha256:68fb5a5286fcb3cfcaa0c0956d4821f3af3b6d57763ae1c8300505e55c3ec401
Pull attempt 1/3 for registry.community.greenbone.net/community/notus-data
Using default tag: latest
latest: Pulling from community/notus-data
Digest: sha256:68fb5a5286fcb3cfcaa0c0956d4821f3af3b6d57763ae1c8300505e55c3ec401
Status: Image is up to date for registry.community.greenbone.net/community/notus-data:latest
registry.community.greenbone.net/community/notus-data:latest
After:   sha256:68fb5a5286fcb3cfcaa0c0956d4821f3af3b6d57763ae1c8300505e55c3ec401
No image change for service 'notus-data'
--------------------------------------------------
Service: scap-data
Image:   registry.community.greenbone.net/community/scap-data
Before:  sha256:98e67b608ba156494f35c47dc0bda8e5a6e6fc854fdc1d2508141cd5d9356cd0
Pull attempt 1/3 for registry.community.greenbone.net/community/scap-data
Using default tag: latest
latest: Pulling from community/scap-data
Digest: sha256:98e67b608ba156494f35c47dc0bda8e5a6e6fc854fdc1d2508141cd5d9356cd0
Status: Image is up to date for registry.community.greenbone.net/community/scap-data:latest
registry.community.greenbone.net/community/scap-data:latest
After:   sha256:98e67b608ba156494f35c47dc0bda8e5a6e6fc854fdc1d2508141cd5d9356cd0
No image change for service 'scap-data'
--------------------------------------------------
Service: cert-bund-data
Image:   registry.community.greenbone.net/community/cert-bund-data
Before:  sha256:b1681146fbb88afbb0c37cc82cb5165e15c87700314d6df16e5b07fc0fdd48d1
Pull attempt 1/3 for registry.community.greenbone.net/community/cert-bund-data
Using default tag: latest
latest: Pulling from community/cert-bund-data
Digest: sha256:b1681146fbb88afbb0c37cc82cb5165e15c87700314d6df16e5b07fc0fdd48d1
Status: Image is up to date for registry.community.greenbone.net/community/cert-bund-data:latest
registry.community.greenbone.net/community/cert-bund-data:latest
After:   sha256:b1681146fbb88afbb0c37cc82cb5165e15c87700314d6df16e5b07fc0fdd48d1
No image change for service 'cert-bund-data'
--------------------------------------------------
Service: dfn-cert-data
Image:   registry.community.greenbone.net/community/dfn-cert-data
Before:  sha256:d655b45a1dace89e4979336be7e66b3bbee6e29f2680f1cecaf62588dd271d0f
Pull attempt 1/3 for registry.community.greenbone.net/community/dfn-cert-data
Using default tag: latest
latest: Pulling from community/dfn-cert-data
Digest: sha256:d655b45a1dace89e4979336be7e66b3bbee6e29f2680f1cecaf62588dd271d0f
Status: Image is up to date for registry.community.greenbone.net/community/dfn-cert-data:latest
registry.community.greenbone.net/community/dfn-cert-data:latest
After:   sha256:d655b45a1dace89e4979336be7e66b3bbee6e29f2680f1cecaf62588dd271d0f
No image change for service 'dfn-cert-data'
--------------------------------------------------
Service: report-formats
Image:   registry.community.greenbone.net/community/report-formats
Before:  sha256:dd30c642915f2c6706609ba5a39275fad92753215f7f39463d78365153a04235
Pull attempt 1/3 for registry.community.greenbone.net/community/report-formats
Using default tag: latest
latest: Pulling from community/report-formats
Digest: sha256:dd30c642915f2c6706609ba5a39275fad92753215f7f39463d78365153a04235
Status: Image is up to date for registry.community.greenbone.net/community/report-formats:latest
registry.community.greenbone.net/community/report-formats:latest
After:   sha256:dd30c642915f2c6706609ba5a39275fad92753215f7f39463d78365153a04235
No image change for service 'report-formats'
--------------------------------------------------
Service: data-objects
Image:   registry.community.greenbone.net/community/data-objects
Before:  sha256:74e2b9373bab3138108d2a197c0d236656f069d3714e499728b178938724b05e
Pull attempt 1/3 for registry.community.greenbone.net/community/data-objects
Using default tag: latest
latest: Pulling from community/data-objects
Digest: sha256:74e2b9373bab3138108d2a197c0d236656f069d3714e499728b178938724b05e
Status: Image is up to date for registry.community.greenbone.net/community/data-objects:latest
registry.community.greenbone.net/community/data-objects:latest
After:   sha256:74e2b9373bab3138108d2a197c0d236656f069d3714e499728b178938724b05e
No image change for service 'data-objects'
No new feed updates found.
UPDATED=false
RESULT_TYPE=no_update
[2026-04-02T09:46:23+07:00] FEED CHECK DONE (NO UPDATE)
==================================================
==================================================
[2026-04-03T15:31:26+07:00] START feed update automation
Using compose dir: /workspace
Using log file: /app/logs/feed-update.log
Force update: false
Resolved compose file: /workspace/docker-compose.yml
Feed services: vulnerability-tests notus-data scap-data cert-bund-data dfn-cert-data report-formats data-objects
Checking feed images one by one...
--------------------------------------------------
Service: vulnerability-tests
Image:   registry.community.greenbone.net/community/vulnerability-tests
Before:  sha256:6ea12699376e4dc2c57d72bbfbfb7c3f3e4645ca1fb9c388cfb0b6e6449918f6
Pull attempt 1/3 for registry.community.greenbone.net/community/vulnerability-tests
Using default tag: latest
latest: Pulling from community/vulnerability-tests
97b5af32bc81: Pulling fs layer
ccf0d1d29e49: Pulling fs layer
2325602e86c5: Pulling fs layer
97b5af32bc81: Download complete
2325602e86c5: Download complete
ccf0d1d29e49: Download complete
ccf0d1d29e49: Pull complete
97b5af32bc81: Pull complete
2325602e86c5: Pull complete
Digest: sha256:768a04b022b3e7fe1e6ac842341d9b3f35792441b9185503e57240ba54636826
Status: Downloaded newer image for registry.community.greenbone.net/community/vulnerability-tests:latest
registry.community.greenbone.net/community/vulnerability-tests:latest
After:   sha256:768a04b022b3e7fe1e6ac842341d9b3f35792441b9185503e57240ba54636826
Detected update for service 'vulnerability-tests'
--------------------------------------------------
Service: notus-data
Image:   registry.community.greenbone.net/community/notus-data
Before:  sha256:68fb5a5286fcb3cfcaa0c0956d4821f3af3b6d57763ae1c8300505e55c3ec401
Pull attempt 1/3 for registry.community.greenbone.net/community/notus-data
Using default tag: latest
latest: Pulling from community/notus-data
13a1bb0907bb: Pulling fs layer
2484d3d2fa16: Pulling fs layer
f695d378c751: Pulling fs layer
d5634d08e703: Pulling fs layer
06e99e8ffffc: Pulling fs layer
06e99e8ffffc: Download complete
13a1bb0907bb: Download complete
f695d378c751: Download complete
d5634d08e703: Download complete
2484d3d2fa16: Download complete
2484d3d2fa16: Pull complete
f695d378c751: Pull complete
d5634d08e703: Pull complete
06e99e8ffffc: Pull complete
13a1bb0907bb: Pull complete
Digest: sha256:79c35773d977037743f30c0ca3a1c84dc66caa5a98deca2ab51538374611b7e0
Status: Downloaded newer image for registry.community.greenbone.net/community/notus-data:latest
registry.community.greenbone.net/community/notus-data:latest
After:   sha256:79c35773d977037743f30c0ca3a1c84dc66caa5a98deca2ab51538374611b7e0
Detected update for service 'notus-data'
--------------------------------------------------
Service: scap-data
Image:   registry.community.greenbone.net/community/scap-data
Before:  sha256:98e67b608ba156494f35c47dc0bda8e5a6e6fc854fdc1d2508141cd5d9356cd0
Pull attempt 1/3 for registry.community.greenbone.net/community/scap-data
Using default tag: latest
latest: Pulling from community/scap-data
af7d3fe0f186: Pulling fs layer
2ef2c6119b39: Pulling fs layer
af7d3fe0f186: Download complete
2ef2c6119b39: Download complete
2ef2c6119b39: Pull complete
af7d3fe0f186: Pull complete
Digest: sha256:365777525368d6938ebc76e59b20a607275e86a0f8c79da2ee4139e3aaeef35a
Status: Downloaded newer image for registry.community.greenbone.net/community/scap-data:latest
registry.community.greenbone.net/community/scap-data:latest
After:   sha256:365777525368d6938ebc76e59b20a607275e86a0f8c79da2ee4139e3aaeef35a
Detected update for service 'scap-data'
--------------------------------------------------
Service: cert-bund-data
Image:   registry.community.greenbone.net/community/cert-bund-data
Before:  sha256:b1681146fbb88afbb0c37cc82cb5165e15c87700314d6df16e5b07fc0fdd48d1
Pull attempt 1/3 for registry.community.greenbone.net/community/cert-bund-data
Using default tag: latest
latest: Pulling from community/cert-bund-data
76f6f8ef5097: Pulling fs layer
0cf203739541: Pulling fs layer
9a07a9a36fbe: Pulling fs layer
76f6f8ef5097: Download complete
9a07a9a36fbe: Download complete
0cf203739541: Download complete
9a07a9a36fbe: Pull complete
0cf203739541: Pull complete
76f6f8ef5097: Pull complete
Digest: sha256:61526495621bd60d1be6f1d1cda43bbc4ff92323e45955da04d1764ecf206a11
Status: Downloaded newer image for registry.community.greenbone.net/community/cert-bund-data:latest
registry.community.greenbone.net/community/cert-bund-data:latest
After:   sha256:61526495621bd60d1be6f1d1cda43bbc4ff92323e45955da04d1764ecf206a11
Detected update for service 'cert-bund-data'
--------------------------------------------------
Service: dfn-cert-data
Image:   registry.community.greenbone.net/community/dfn-cert-data
Before:  sha256:d655b45a1dace89e4979336be7e66b3bbee6e29f2680f1cecaf62588dd271d0f
Pull attempt 1/3 for registry.community.greenbone.net/community/dfn-cert-data
Using default tag: latest
latest: Pulling from community/dfn-cert-data
3c823b0a90b0: Pulling fs layer
b8f3a83e36bd: Pulling fs layer
3c823b0a90b0: Download complete
b8f3a83e36bd: Download complete
3c823b0a90b0: Pull complete
b8f3a83e36bd: Pull complete
Digest: sha256:07907bd19adc1e249b29b04b125693081ba4fe98487de7cdd1d9e3a0faca93be
Status: Downloaded newer image for registry.community.greenbone.net/community/dfn-cert-data:latest
registry.community.greenbone.net/community/dfn-cert-data:latest
After:   sha256:07907bd19adc1e249b29b04b125693081ba4fe98487de7cdd1d9e3a0faca93be
Detected update for service 'dfn-cert-data'
--------------------------------------------------
Service: report-formats
Image:   registry.community.greenbone.net/community/report-formats
Before:  sha256:dd30c642915f2c6706609ba5a39275fad92753215f7f39463d78365153a04235
Pull attempt 1/3 for registry.community.greenbone.net/community/report-formats
Using default tag: latest
latest: Pulling from community/report-formats
b99cdef5ec8a: Pulling fs layer
3cabf41a687e: Pulling fs layer
831e7cdefbef: Pulling fs layer
b99cdef5ec8a: Download complete
831e7cdefbef: Download complete
3cabf41a687e: Download complete
3cabf41a687e: Pull complete
b99cdef5ec8a: Pull complete
831e7cdefbef: Pull complete
Digest: sha256:d574f12360e37b3c03c57dfd3ce719362cc1dd87c602e6699b915aabd3023ca3
Status: Downloaded newer image for registry.community.greenbone.net/community/report-formats:latest
registry.community.greenbone.net/community/report-formats:latest
After:   sha256:d574f12360e37b3c03c57dfd3ce719362cc1dd87c602e6699b915aabd3023ca3
Detected update for service 'report-formats'
--------------------------------------------------
Service: data-objects
Image:   registry.community.greenbone.net/community/data-objects
Before:  sha256:74e2b9373bab3138108d2a197c0d236656f069d3714e499728b178938724b05e
Pull attempt 1/3 for registry.community.greenbone.net/community/data-objects
Using default tag: latest
latest: Pulling from community/data-objects
ed67229e2a0f: Pulling fs layer
b3854ce4b4ed: Pulling fs layer
4a710f71f2f8: Pulling fs layer
4a710f71f2f8: Download complete
b3854ce4b4ed: Download complete
b3854ce4b4ed: Pull complete
ed67229e2a0f: Download complete
4a710f71f2f8: Pull complete
ed67229e2a0f: Pull complete
Digest: sha256:9b99274f3531286e03fed292707c735e28f2a1d2ec0edf3e065a85c3db45fcdf
Status: Downloaded newer image for registry.community.greenbone.net/community/data-objects:latest
registry.community.greenbone.net/community/data-objects:latest
After:   sha256:9b99274f3531286e03fed292707c735e28f2a1d2ec0edf3e065a85c3db45fcdf
Detected update for service 'data-objects'
Refreshing feed/data services...
Changed services: vulnerability-tests notus-data scap-data cert-bund-data dfn-cert-data report-formats data-objects
Running: docker compose -f /workspace/docker-compose.yml up -d vulnerability-tests notus-data scap-data cert-bund-data dfn-cert-data report-formats data-objects
----- BEGIN docker compose up output -----
 Container greenbone-community-edition-notus-data-1  Recreate
 Container greenbone-community-edition-cert-bund-data-1  Recreate
 Container greenbone-community-edition-data-objects-1  Recreate
 Container greenbone-community-edition-scap-data-1  Recreate
 Container greenbone-community-edition-vulnerability-tests-1  Recreate
 Container greenbone-community-edition-data-objects-1  Recreated
 Container greenbone-community-edition-report-formats-1  Recreate
 Container greenbone-community-edition-scap-data-1  Recreated
 Container greenbone-community-edition-notus-data-1  Recreated
 Container greenbone-community-edition-cert-bund-data-1  Recreated
 Container greenbone-community-edition-dfn-cert-data-1  Recreate
 Container greenbone-community-edition-vulnerability-tests-1  Recreated
 Container greenbone-community-edition-report-formats-1  Recreated
 Container greenbone-community-edition-dfn-cert-data-1  Recreated
 Container greenbone-community-edition-scap-data-1  Starting
 Container greenbone-community-edition-notus-data-1  Starting
 Container greenbone-community-edition-data-objects-1  Starting
 Container greenbone-community-edition-cert-bund-data-1  Starting
 Container greenbone-community-edition-vulnerability-tests-1  Starting
 Container greenbone-community-edition-data-objects-1  Started
 Container greenbone-community-edition-data-objects-1  Waiting
 Container greenbone-community-edition-notus-data-1  Started
 Container greenbone-community-edition-scap-data-1  Started
 Container greenbone-community-edition-vulnerability-tests-1  Started
 Container greenbone-community-edition-cert-bund-data-1  Started
 Container greenbone-community-edition-cert-bund-data-1  Waiting
 Container greenbone-community-edition-data-objects-1  Healthy
 Container greenbone-community-edition-report-formats-1  Starting
 Container greenbone-community-edition-cert-bund-data-1  Healthy
 Container greenbone-community-edition-dfn-cert-data-1  Starting
 Container greenbone-community-edition-report-formats-1  Started
 Container greenbone-community-edition-dfn-cert-data-1  Started
----- END docker compose up output -----
Restarting dependent services to load refreshed feed...
 Container greenbone-community-edition-openvas-1  Restarting
 Container greenbone-community-edition-gvmd-1  Restarting
 Container greenbone-community-edition-ospd-openvas-1  Restarting
 Container greenbone-community-edition-openvasd-1  Restarting
 Container greenbone-community-edition-openvasd-1  Started
 Container greenbone-community-edition-ospd-openvas-1  Started
 Container greenbone-community-edition-openvas-1  Started
 Container greenbone-community-edition-gvmd-1  Started
UPDATED=true
RESULT_TYPE=updated
[2026-04-03T15:36:03+07:00] FEED UPDATE AUTOMATION DONE
==================================================
==================================================
[2026-04-03T17:14:57+07:00] START feed update automation
Using compose dir: /workspace
Using log file: /app/logs/feed-update.log
Force update: false
Resolved compose file: /workspace/docker-compose.yml
Feed services: vulnerability-tests notus-data scap-data cert-bund-data dfn-cert-data report-formats data-objects
Checking feed images one by one...
--------------------------------------------------
Service: vulnerability-tests
Image:   registry.community.greenbone.net/community/vulnerability-tests
Before:  sha256:768a04b022b3e7fe1e6ac842341d9b3f35792441b9185503e57240ba54636826
Pull attempt 1/3 for registry.community.greenbone.net/community/vulnerability-tests
Using default tag: latest
latest: Pulling from community/vulnerability-tests
Digest: sha256:768a04b022b3e7fe1e6ac842341d9b3f35792441b9185503e57240ba54636826
Status: Image is up to date for registry.community.greenbone.net/community/vulnerability-tests:latest
registry.community.greenbone.net/community/vulnerability-tests:latest
After:   sha256:768a04b022b3e7fe1e6ac842341d9b3f35792441b9185503e57240ba54636826
No image change for service 'vulnerability-tests'
--------------------------------------------------
Service: notus-data
Image:   registry.community.greenbone.net/community/notus-data
Before:  sha256:79c35773d977037743f30c0ca3a1c84dc66caa5a98deca2ab51538374611b7e0
Pull attempt 1/3 for registry.community.greenbone.net/community/notus-data
Using default tag: latest
latest: Pulling from community/notus-data
Digest: sha256:79c35773d977037743f30c0ca3a1c84dc66caa5a98deca2ab51538374611b7e0
Status: Image is up to date for registry.community.greenbone.net/community/notus-data:latest
registry.community.greenbone.net/community/notus-data:latest
After:   sha256:79c35773d977037743f30c0ca3a1c84dc66caa5a98deca2ab51538374611b7e0
No image change for service 'notus-data'
--------------------------------------------------
Service: scap-data
Image:   registry.community.greenbone.net/community/scap-data
Before:  sha256:365777525368d6938ebc76e59b20a607275e86a0f8c79da2ee4139e3aaeef35a
Pull attempt 1/3 for registry.community.greenbone.net/community/scap-data
Using default tag: latest
latest: Pulling from community/scap-data
b6e31965e77d: Pulling fs layer
6e8325ef8f96: Pulling fs layer
b6e31965e77d: Download complete
short read: expected 1261169833 bytes but got 641880064: unexpected EOF
WARN: pull failed for registry.community.greenbone.net/community/scap-data, retrying in 15s...
Pull attempt 2/3 for registry.community.greenbone.net/community/scap-data
Using default tag: latest
latest: Pulling from community/scap-data
b6e31965e77d: Pulling fs layer
6e8325ef8f96: Pulling fs layer
b6e31965e77d: Download complete==================================================
[2026-04-03T19:23:51+07:00] START feed update automation
Using compose dir: /workspace
Using log file: /app/logs/feed-update.log
Force update: false
Resolved compose file: /workspace/docker-compose.yml
Feed services: vulnerability-tests notus-data scap-data cert-bund-data dfn-cert-data report-formats data-objects
Checking feed images one by one...
--------------------------------------------------
Service: vulnerability-tests
Image:   registry.community.greenbone.net/community/vulnerability-tests
Before:  sha256:768a04b022b3e7fe1e6ac842341d9b3f35792441b9185503e57240ba54636826
Pull attempt 1/3 for registry.community.greenbone.net/community/vulnerability-tests
Using default tag: latest
latest: Pulling from community/vulnerability-tests
Digest: sha256:768a04b022b3e7fe1e6ac842341d9b3f35792441b9185503e57240ba54636826
Status: Image is up to date for registry.community.greenbone.net/community/vulnerability-tests:latest
registry.community.greenbone.net/community/vulnerability-tests:latest
After:   sha256:768a04b022b3e7fe1e6ac842341d9b3f35792441b9185503e57240ba54636826
No image change for service 'vulnerability-tests'
--------------------------------------------------
Service: notus-data
Image:   registry.community.greenbone.net/community/notus-data
Before:  sha256:79c35773d977037743f30c0ca3a1c84dc66caa5a98deca2ab51538374611b7e0
Pull attempt 1/3 for registry.community.greenbone.net/community/notus-data
Using default tag: latest
latest: Pulling from community/notus-data
Digest: sha256:79c35773d977037743f30c0ca3a1c84dc66caa5a98deca2ab51538374611b7e0
Status: Image is up to date for registry.community.greenbone.net/community/notus-data:latest
registry.community.greenbone.net/community/notus-data:latest
After:   sha256:79c35773d977037743f30c0ca3a1c84dc66caa5a98deca2ab51538374611b7e0
No image change for service 'notus-data'
--------------------------------------------------
Service: scap-data
Image:   registry.community.greenbone.net/community/scap-data
Before:  sha256:7ba78275c48c54ff549957de43ccbc869d8ed78b5aad312585e29c224ff610fc
Pull attempt 1/3 for registry.community.greenbone.net/community/scap-data
Using default tag: latest
latest: Pulling from community/scap-data
Digest: sha256:7ba78275c48c54ff549957de43ccbc869d8ed78b5aad312585e29c224ff610fc
Status: Image is up to date for registry.community.greenbone.net/community/scap-data:latest
registry.community.greenbone.net/community/scap-data:latest
After:   sha256:7ba78275c48c54ff549957de43ccbc869d8ed78b5aad312585e29c224ff610fc
No image change for service 'scap-data'
--------------------------------------------------
Service: cert-bund-data
Image:   registry.community.greenbone.net/community/cert-bund-data
Before:  sha256:61526495621bd60d1be6f1d1cda43bbc4ff92323e45955da04d1764ecf206a11
Pull attempt 1/3 for registry.community.greenbone.net/community/cert-bund-data
Using default tag: latest
latest: Pulling from community/cert-bund-data
Digest: sha256:61526495621bd60d1be6f1d1cda43bbc4ff92323e45955da04d1764ecf206a11
Status: Image is up to date for registry.community.greenbone.net/community/cert-bund-data:latest
registry.community.greenbone.net/community/cert-bund-data:latest
After:   sha256:61526495621bd60d1be6f1d1cda43bbc4ff92323e45955da04d1764ecf206a11
No image change for service 'cert-bund-data'
--------------------------------------------------
Service: dfn-cert-data
Image:   registry.community.greenbone.net/community/dfn-cert-data
Before:  sha256:07907bd19adc1e249b29b04b125693081ba4fe98487de7cdd1d9e3a0faca93be
Pull attempt 1/3 for registry.community.greenbone.net/community/dfn-cert-data
Using default tag: latest
latest: Pulling from community/dfn-cert-data
Digest: sha256:07907bd19adc1e249b29b04b125693081ba4fe98487de7cdd1d9e3a0faca93be
Status: Image is up to date for registry.community.greenbone.net/community/dfn-cert-data:latest
registry.community.greenbone.net/community/dfn-cert-data:latest
After:   sha256:07907bd19adc1e249b29b04b125693081ba4fe98487de7cdd1d9e3a0faca93be
No image change for service 'dfn-cert-data'
--------------------------------------------------
Service: report-formats
Image:   registry.community.greenbone.net/community/report-formats
Before:  sha256:d574f12360e37b3c03c57dfd3ce719362cc1dd87c602e6699b915aabd3023ca3
Pull attempt 1/3 for registry.community.greenbone.net/community/report-formats
Using default tag: latest
latest: Pulling from community/report-formats
Digest: sha256:d574f12360e37b3c03c57dfd3ce719362cc1dd87c602e6699b915aabd3023ca3
Status: Image is up to date for registry.community.greenbone.net/community/report-formats:latest
registry.community.greenbone.net/community/report-formats:latest
After:   sha256:d574f12360e37b3c03c57dfd3ce719362cc1dd87c602e6699b915aabd3023ca3
No image change for service 'report-formats'
--------------------------------------------------
Service: data-objects
Image:   registry.community.greenbone.net/community/data-objects
Before:  sha256:9b99274f3531286e03fed292707c735e28f2a1d2ec0edf3e065a85c3db45fcdf
Pull attempt 1/3 for registry.community.greenbone.net/community/data-objects
Using default tag: latest
latest: Pulling from community/data-objects
Digest: sha256:9b99274f3531286e03fed292707c735e28f2a1d2ec0edf3e065a85c3db45fcdf
Status: Image is up to date for registry.community.greenbone.net/community/data-objects:latest
registry.community.greenbone.net/community/data-objects:latest
After:   sha256:9b99274f3531286e03fed292707c735e28f2a1d2ec0edf3e065a85c3db45fcdf
No image change for service 'data-objects'
No new feed updates found.
UPDATED=false
RESULT_TYPE=no_update
[2026-04-03T19:24:00+07:00] FEED CHECK DONE (NO UPDATE)
==================================================
==================================================
[2026-04-04T01:04:21+07:00] START feed update automation
Using compose dir: /workspace
Using log file: /app/logs/feed-update.log
Force update: false
Resolved compose file: /workspace/docker-compose.yml
Feed services: vulnerability-tests notus-data scap-data cert-bund-data dfn-cert-data report-formats data-objects
Checking feed images one by one...
--------------------------------------------------
Service: vulnerability-tests
Image:   registry.community.greenbone.net/community/vulnerability-tests
Before:  sha256:768a04b022b3e7fe1e6ac842341d9b3f35792441b9185503e57240ba54636826
Pull attempt 1/3 for registry.community.greenbone.net/community/vulnerability-tests
Using default tag: latest
latest: Pulling from community/vulnerability-tests
Digest: sha256:768a04b022b3e7fe1e6ac842341d9b3f35792441b9185503e57240ba54636826
Status: Image is up to date for registry.community.greenbone.net/community/vulnerability-tests:latest
registry.community.greenbone.net/community/vulnerability-tests:latest
After:   sha256:768a04b022b3e7fe1e6ac842341d9b3f35792441b9185503e57240ba54636826
No image change for service 'vulnerability-tests'
--------------------------------------------------
Service: notus-data
Image:   registry.community.greenbone.net/community/notus-data
Before:  sha256:79c35773d977037743f30c0ca3a1c84dc66caa5a98deca2ab51538374611b7e0
Pull attempt 1/3 for registry.community.greenbone.net/community/notus-data
Using default tag: latest
latest: Pulling from community/notus-data
Digest: sha256:79c35773d977037743f30c0ca3a1c84dc66caa5a98deca2ab51538374611b7e0
Status: Image is up to date for registry.community.greenbone.net/community/notus-data:latest
registry.community.greenbone.net/community/notus-data:latest
After:   sha256:79c35773d977037743f30c0ca3a1c84dc66caa5a98deca2ab51538374611b7e0
No image change for service 'notus-data'
--------------------------------------------------
Service: scap-data
Image:   registry.community.greenbone.net/community/scap-data
Before:  sha256:7ba78275c48c54ff549957de43ccbc869d8ed78b5aad312585e29c224ff610fc
Pull attempt 1/3 for registry.community.greenbone.net/community/scap-data
Using default tag: latest
latest: Pulling from community/scap-data
Digest: sha256:7ba78275c48c54ff549957de43ccbc869d8ed78b5aad312585e29c224ff610fc
Status: Image is up to date for registry.community.greenbone.net/community/scap-data:latest
registry.community.greenbone.net/community/scap-data:latest
After:   sha256:7ba78275c48c54ff549957de43ccbc869d8ed78b5aad312585e29c224ff610fc
No image change for service 'scap-data'
--------------------------------------------------
Service: cert-bund-data
Image:   registry.community.greenbone.net/community/cert-bund-data
Before:  sha256:61526495621bd60d1be6f1d1cda43bbc4ff92323e45955da04d1764ecf206a11
Pull attempt 1/3 for registry.community.greenbone.net/community/cert-bund-data
Using default tag: latest
latest: Pulling from community/cert-bund-data
Digest: sha256:61526495621bd60d1be6f1d1cda43bbc4ff92323e45955da04d1764ecf206a11
Status: Image is up to date for registry.community.greenbone.net/community/cert-bund-data:latest
registry.community.greenbone.net/community/cert-bund-data:latest
After:   sha256:61526495621bd60d1be6f1d1cda43bbc4ff92323e45955da04d1764ecf206a11
No image change for service 'cert-bund-data'
--------------------------------------------------
Service: dfn-cert-data
Image:   registry.community.greenbone.net/community/dfn-cert-data
Before:  sha256:07907bd19adc1e249b29b04b125693081ba4fe98487de7cdd1d9e3a0faca93be
Pull attempt 1/3 for registry.community.greenbone.net/community/dfn-cert-data
Using default tag: latest
latest: Pulling from community/dfn-cert-data
Digest: sha256:07907bd19adc1e249b29b04b125693081ba4fe98487de7cdd1d9e3a0faca93be
Status: Image is up to date for registry.community.greenbone.net/community/dfn-cert-data:latest
registry.community.greenbone.net/community/dfn-cert-data:latest
After:   sha256:07907bd19adc1e249b29b04b125693081ba4fe98487de7cdd1d9e3a0faca93be
No image change for service 'dfn-cert-data'
--------------------------------------------------
Service: report-formats
Image:   registry.community.greenbone.net/community/report-formats
Before:  sha256:d574f12360e37b3c03c57dfd3ce719362cc1dd87c602e6699b915aabd3023ca3
Pull attempt 1/3 for registry.community.greenbone.net/community/report-formats
Using default tag: latest
latest: Pulling from community/report-formats
Digest: sha256:d574f12360e37b3c03c57dfd3ce719362cc1dd87c602e6699b915aabd3023ca3
Status: Image is up to date for registry.community.greenbone.net/community/report-formats:latest
registry.community.greenbone.net/community/report-formats:latest
After:   sha256:d574f12360e37b3c03c57dfd3ce719362cc1dd87c602e6699b915aabd3023ca3
No image change for service 'report-formats'
--------------------------------------------------
Service: data-objects
Image:   registry.community.greenbone.net/community/data-objects
Before:  sha256:9b99274f3531286e03fed292707c735e28f2a1d2ec0edf3e065a85c3db45fcdf
Pull attempt 1/3 for registry.community.greenbone.net/community/data-objects
Using default tag: latest
latest: Pulling from community/data-objects
Digest: sha256:9b99274f3531286e03fed292707c735e28f2a1d2ec0edf3e065a85c3db45fcdf
Status: Image is up to date for registry.community.greenbone.net/community/data-objects:latest
registry.community.greenbone.net/community/data-objects:latest
After:   sha256:9b99274f3531286e03fed292707c735e28f2a1d2ec0edf3e065a85c3db45fcdf
No image change for service 'data-objects'
No new feed updates found.
UPDATED=false
RESULT_TYPE=no_update
[2026-04-04T01:04:35+07:00] FEED CHECK DONE (NO UPDATE)
==================================================
==================================================
[2026-04-07T10:06:42+07:00] START feed update automation
Using compose dir: /workspace
Using log file: /app/logs/feed-update.log
Force update: false
Resolved compose file: /workspace/docker-compose.yml
Feed services: vulnerability-tests notus-data scap-data cert-bund-data dfn-cert-data report-formats data-objects
Checking feed images one by one...
--------------------------------------------------
Service: vulnerability-tests
Image:   registry.community.greenbone.net/community/vulnerability-tests
Before:  sha256:768a04b022b3e7fe1e6ac842341d9b3f35792441b9185503e57240ba54636826
Pull attempt 1/3 for registry.community.greenbone.net/community/vulnerability-tests
Using default tag: latest
latest: Pulling from community/vulnerability-tests
Digest: sha256:768a04b022b3e7fe1e6ac842341d9b3f35792441b9185503e57240ba54636826
Status: Image is up to date for registry.community.greenbone.net/community/vulnerability-tests:latest
registry.community.greenbone.net/community/vulnerability-tests:latest
After:   sha256:768a04b022b3e7fe1e6ac842341d9b3f35792441b9185503e57240ba54636826
No image change for service 'vulnerability-tests'
--------------------------------------------------
Service: notus-data
Image:   registry.community.greenbone.net/community/notus-data
Before:  sha256:1d52995d67d8e0946a35e16ef2fc7341dcbf2b7ff89183fa38e9eb5cefde8893
Pull attempt 1/3 for registry.community.greenbone.net/community/notus-data
Using default tag: latest
latest: Pulling from community/notus-data
Digest: sha256:1d52995d67d8e0946a35e16ef2fc7341dcbf2b7ff89183fa38e9eb5cefde8893
Status: Image is up to date for registry.community.greenbone.net/community/notus-data:latest
registry.community.greenbone.net/community/notus-data:latest
After:   sha256:1d52995d67d8e0946a35e16ef2fc7341dcbf2b7ff89183fa38e9eb5cefde8893
No image change for service 'notus-data'
--------------------------------------------------
Service: scap-data
Image:   registry.community.greenbone.net/community/scap-data
Before:  sha256:d1d91e2d1997f2d4d8083f8c0b868cd207f6efeb010bd0197c95fe284ca76d5f
Pull attempt 1/3 for registry.community.greenbone.net/community/scap-data
Using default tag: latest
latest: Pulling from community/scap-data
Digest: sha256:d1d91e2d1997f2d4d8083f8c0b868cd207f6efeb010bd0197c95fe284ca76d5f
Status: Image is up to date for registry.community.greenbone.net/community/scap-data:latest
registry.community.greenbone.net/community/scap-data:latest
After:   sha256:d1d91e2d1997f2d4d8083f8c0b868cd207f6efeb010bd0197c95fe284ca76d5f
No image change for service 'scap-data'
--------------------------------------------------
Service: cert-bund-data
Image:   registry.community.greenbone.net/community/cert-bund-data
Before:  sha256:e1f3235b6c4c31b9d08d9302681e7fbdcc9e1d3bb93e3d9b7f318da74eb38dc5
Pull attempt 1/3 for registry.community.greenbone.net/community/cert-bund-data
Using default tag: latest
latest: Pulling from community/cert-bund-data
Digest: sha256:e1f3235b6c4c31b9d08d9302681e7fbdcc9e1d3bb93e3d9b7f318da74eb38dc5
Status: Image is up to date for registry.community.greenbone.net/community/cert-bund-data:latest
registry.community.greenbone.net/community/cert-bund-data:latest
After:   sha256:e1f3235b6c4c31b9d08d9302681e7fbdcc9e1d3bb93e3d9b7f318da74eb38dc5
No image change for service 'cert-bund-data'
--------------------------------------------------
Service: dfn-cert-data
Image:   registry.community.greenbone.net/community/dfn-cert-data
Before:  sha256:aa339380dd72af8b8ebeb699fdc92be677cb480c548cebfea29159e81924ab69
Pull attempt 1/3 for registry.community.greenbone.net/community/dfn-cert-data
Using default tag: latest
latest: Pulling from community/dfn-cert-data
Digest: sha256:aa339380dd72af8b8ebeb699fdc92be677cb480c548cebfea29159e81924ab69
Status: Image is up to date for registry.community.greenbone.net/community/dfn-cert-data:latest
registry.community.greenbone.net/community/dfn-cert-data:latest
After:   sha256:aa339380dd72af8b8ebeb699fdc92be677cb480c548cebfea29159e81924ab69
No image change for service 'dfn-cert-data'
--------------------------------------------------
Service: report-formats
Image:   registry.community.greenbone.net/community/report-formats
Before:  sha256:f867c257fabd3a677aa2ab4e94fd045b71d3c593b69540119b94f5c3bae82cba
Pull attempt 1/3 for registry.community.greenbone.net/community/report-formats
Using default tag: latest
latest: Pulling from community/report-formats
Digest: sha256:f867c257fabd3a677aa2ab4e94fd045b71d3c593b69540119b94f5c3bae82cba
Status: Image is up to date for registry.community.greenbone.net/community/report-formats:latest
registry.community.greenbone.net/community/report-formats:latest
After:   sha256:f867c257fabd3a677aa2ab4e94fd045b71d3c593b69540119b94f5c3bae82cba
No image change for service 'report-formats'
--------------------------------------------------
Service: data-objects
Image:   registry.community.greenbone.net/community/data-objects
Before:  sha256:847a07fe33af70e2397941021a8ceb9e655833e5c0ae8a63797c632db7817bc0
Pull attempt 1/3 for registry.community.greenbone.net/community/data-objects
Using default tag: latest
latest: Pulling from community/data-objects
Digest: sha256:847a07fe33af70e2397941021a8ceb9e655833e5c0ae8a63797c632db7817bc0
Status: Image is up to date for registry.community.greenbone.net/community/data-objects:latest
registry.community.greenbone.net/community/data-objects:latest
After:   sha256:847a07fe33af70e2397941021a8ceb9e655833e5c0ae8a63797c632db7817bc0
No image change for service 'data-objects'
No new feed updates found.
UPDATED=false
RESULT_TYPE=no_update
[2026-04-07T10:06:54+07:00] FEED CHECK DONE (NO UPDATE)
==================================================
==================================================
[2026-04-07T23:59:41+07:00] START feed update automation
Using compose dir: /workspace
Using log file: /app/logs/feed-update.log
Force update: false
Resolved compose file: /workspace/docker-compose.yml
Feed services: vulnerability-tests notus-data scap-data cert-bund-data dfn-cert-data report-formats data-objects
Checking feed images one by one...
--------------------------------------------------
Service: vulnerability-tests
Image:   registry.community.greenbone.net/community/vulnerability-tests
Before:  sha256:768a04b022b3e7fe1e6ac842341d9b3f35792441b9185503e57240ba54636826
Pull attempt 1/3 for registry.community.greenbone.net/community/vulnerability-tests
Using default tag: latest
latest: Pulling from community/vulnerability-tests
4024b9ca21d6: Pulling fs layer
94d9876c97b0: Pulling fs layer
5ed8e32e0360: Pulling fs layer
94d9876c97b0: Download complete
5ed8e32e0360: Download complete
4024b9ca21d6: Download complete
4024b9ca21d6: Pull complete
94d9876c97b0: Pull complete
5ed8e32e0360: Pull complete
Digest: sha256:ebca27f1cdb7f4251e4b0944fd3ddb27593d52847e84b758e4bc9cf6482c5d23
Status: Downloaded newer image for registry.community.greenbone.net/community/vulnerability-tests:latest
registry.community.greenbone.net/community/vulnerability-tests:latest
After:   sha256:ebca27f1cdb7f4251e4b0944fd3ddb27593d52847e84b758e4bc9cf6482c5d23
Detected update for service 'vulnerability-tests'
--------------------------------------------------
Service: notus-data
Image:   registry.community.greenbone.net/community/notus-data
Before:  sha256:1d52995d67d8e0946a35e16ef2fc7341dcbf2b7ff89183fa38e9eb5cefde8893
Pull attempt 1/3 for registry.community.greenbone.net/community/notus-data
Using default tag: latest
latest: Pulling from community/notus-data
c5e4535c82da: Pulling fs layer
9a1f649ebb7f: Pulling fs layer
8d2712912673: Pulling fs layer
207a931c1ed0: Pulling fs layer
608374f2e931: Pulling fs layer
608374f2e931: Download complete
c5e4535c82da: Download complete
8d2712912673: Download complete
207a931c1ed0: Download complete
9a1f649ebb7f: Download complete
9a1f649ebb7f: Pull complete
608374f2e931: Pull complete
c5e4535c82da: Pull complete
8d2712912673: Pull complete
207a931c1ed0: Pull complete
Digest: sha256:e8db6fb7329757e02bce8d7a4805a9a72a993417be318eb38885b9f91da08dac
Status: Downloaded newer image for registry.community.greenbone.net/community/notus-data:latest
registry.community.greenbone.net/community/notus-data:latest
After:   sha256:e8db6fb7329757e02bce8d7a4805a9a72a993417be318eb38885b9f91da08dac
Detected update for service 'notus-data'
--------------------------------------------------
Service: scap-data
Image:   registry.community.greenbone.net/community/scap-data
Before:  sha256:d1d91e2d1997f2d4d8083f8c0b868cd207f6efeb010bd0197c95fe284ca76d5f
Pull attempt 1/3 for registry.community.greenbone.net/community/scap-data
Using default tag: latest
latest: Pulling from community/scap-data
202de040f87d: Pulling fs layer
c06b1ed8617a: Pulling fs layer
202de040f87d: Download complete
==================================================
[2026-04-08T10:56:29+07:00] START feed update automation
Using compose dir: /workspace
Using log file: /app/logs/feed-update.log
Force update: false
Resolved compose file: /workspace/docker-compose.yml
Feed services: vulnerability-tests notus-data scap-data cert-bund-data dfn-cert-data report-formats data-objects
Checking feed images one by one...
--------------------------------------------------
Service: vulnerability-tests
Image:   registry.community.greenbone.net/community/vulnerability-tests
Before:  sha256:ebca27f1cdb7f4251e4b0944fd3ddb27593d52847e84b758e4bc9cf6482c5d23
Pull attempt 1/3 for registry.community.greenbone.net/community/vulnerability-tests
Using default tag: latest
latest: Pulling from community/vulnerability-tests
Digest: sha256:ebca27f1cdb7f4251e4b0944fd3ddb27593d52847e84b758e4bc9cf6482c5d23
Status: Image is up to date for registry.community.greenbone.net/community/vulnerability-tests:latest
registry.community.greenbone.net/community/vulnerability-tests:latest
After:   sha256:ebca27f1cdb7f4251e4b0944fd3ddb27593d52847e84b758e4bc9cf6482c5d23
No image change for service 'vulnerability-tests'
--------------------------------------------------
Service: notus-data
Image:   registry.community.greenbone.net/community/notus-data
Before:  sha256:e8db6fb7329757e02bce8d7a4805a9a72a993417be318eb38885b9f91da08dac
Pull attempt 1/3 for registry.community.greenbone.net/community/notus-data
Using default tag: latest
latest: Pulling from community/notus-data
Digest: sha256:e8db6fb7329757e02bce8d7a4805a9a72a993417be318eb38885b9f91da08dac
Status: Image is up to date for registry.community.greenbone.net/community/notus-data:latest
registry.community.greenbone.net/community/notus-data:latest
After:   sha256:e8db6fb7329757e02bce8d7a4805a9a72a993417be318eb38885b9f91da08dac
No image change for service 'notus-data'
--------------------------------------------------
Service: scap-data
Image:   registry.community.greenbone.net/community/scap-data
Before:  sha256:0a347b7527b30a6588ce670fc711b30f0595d551316a4c19334dc388ee5eb6e8
Pull attempt 1/3 for registry.community.greenbone.net/community/scap-data
Using default tag: latest
latest: Pulling from community/scap-data
Digest: sha256:0a347b7527b30a6588ce670fc711b30f0595d551316a4c19334dc388ee5eb6e8
Status: Image is up to date for registry.community.greenbone.net/community/scap-data:latest
registry.community.greenbone.net/community/scap-data:latest
After:   sha256:0a347b7527b30a6588ce670fc711b30f0595d551316a4c19334dc388ee5eb6e8
No image change for service 'scap-data'
--------------------------------------------------
Service: cert-bund-data
Image:   registry.community.greenbone.net/community/cert-bund-data
Before:  sha256:f94e5ce3cb8e9d5f10229618b21a84be9763e7d896a433dacf0e7d45e043bb4a
Pull attempt 1/3 for registry.community.greenbone.net/community/cert-bund-data
Using default tag: latest
latest: Pulling from community/cert-bund-data
Digest: sha256:f94e5ce3cb8e9d5f10229618b21a84be9763e7d896a433dacf0e7d45e043bb4a
Status: Image is up to date for registry.community.greenbone.net/community/cert-bund-data:latest
registry.community.greenbone.net/community/cert-bund-data:latest
After:   sha256:f94e5ce3cb8e9d5f10229618b21a84be9763e7d896a433dacf0e7d45e043bb4a
No image change for service 'cert-bund-data'
--------------------------------------------------
Service: dfn-cert-data
Image:   registry.community.greenbone.net/community/dfn-cert-data
Before:  sha256:12910922aee92e63f94dde759c90f9120ae1a6677289a7872ea645ade0a1a090
Pull attempt 1/3 for registry.community.greenbone.net/community/dfn-cert-data
Using default tag: latest
latest: Pulling from community/dfn-cert-data
Digest: sha256:12910922aee92e63f94dde759c90f9120ae1a6677289a7872ea645ade0a1a090
Status: Image is up to date for registry.community.greenbone.net/community/dfn-cert-data:latest
registry.community.greenbone.net/community/dfn-cert-data:latest
After:   sha256:12910922aee92e63f94dde759c90f9120ae1a6677289a7872ea645ade0a1a090
No image change for service 'dfn-cert-data'
--------------------------------------------------
Service: report-formats
Image:   registry.community.greenbone.net/community/report-formats
Before:  sha256:50a47240eeadf7526cf205c85c6dd8c43a35918e045f5c9bdcfae2e71de84057
Pull attempt 1/3 for registry.community.greenbone.net/community/report-formats
Using default tag: latest
latest: Pulling from community/report-formats
Digest: sha256:50a47240eeadf7526cf205c85c6dd8c43a35918e045f5c9bdcfae2e71de84057
Status: Image is up to date for registry.community.greenbone.net/community/report-formats:latest
registry.community.greenbone.net/community/report-formats:latest
After:   sha256:50a47240eeadf7526cf205c85c6dd8c43a35918e045f5c9bdcfae2e71de84057
No image change for service 'report-formats'
--------------------------------------------------
Service: data-objects
Image:   registry.community.greenbone.net/community/data-objects
Before:  sha256:4dc4c5f2e2a5b65bb6760e185e1dfa31c198aab2e37119a6c18ace1ef564fdd8
Pull attempt 1/3 for registry.community.greenbone.net/community/data-objects
Using default tag: latest
latest: Pulling from community/data-objects
Digest: sha256:4dc4c5f2e2a5b65bb6760e185e1dfa31c198aab2e37119a6c18ace1ef564fdd8
Status: Image is up to date for registry.community.greenbone.net/community/data-objects:latest
registry.community.greenbone.net/community/data-objects:latest
After:   sha256:4dc4c5f2e2a5b65bb6760e185e1dfa31c198aab2e37119a6c18ace1ef564fdd8
No image change for service 'data-objects'
No new feed updates found.
UPDATED=false
RESULT_TYPE=no_update
[2026-04-08T10:56:51+07:00] FEED CHECK DONE (NO UPDATE)
==================================================
==================================================
[2026-04-09T19:45:24+07:00] START feed update automation
Using compose dir: /workspace
Using log file: /app/logs/feed-update.log
Force update: false
Resolved compose file: /workspace/docker-compose.yml
Feed services: vulnerability-tests notus-data scap-data cert-bund-data dfn-cert-data report-formats data-objects
Checking feed images one by one...
--------------------------------------------------
Service: vulnerability-tests
Image:   registry.community.greenbone.net/community/vulnerability-tests
Before:  sha256:ebca27f1cdb7f4251e4b0944fd3ddb27593d52847e84b758e4bc9cf6482c5d23
Pull attempt 1/3 for registry.community.greenbone.net/community/vulnerability-tests
Using default tag: latest
latest: Pulling from community/vulnerability-tests
12a2df578f8b: Pulling fs layer
4e375a11a516: Pulling fs layer
2f18f08ab432: Pulling fs layer
12a2df578f8b: Download complete
4e375a11a516: Download complete
2f18f08ab432: Download complete
2f18f08ab432: Pull complete
12a2df578f8b: Pull complete
4e375a11a516: Pull complete
Digest: sha256:9fb83c2c268115416c3a8874e1d89be96bbbd27c78b655d5708aa61a0ae592b8
Status: Downloaded newer image for registry.community.greenbone.net/community/vulnerability-tests:latest
registry.community.greenbone.net/community/vulnerability-tests:latest
After:   sha256:9fb83c2c268115416c3a8874e1d89be96bbbd27c78b655d5708aa61a0ae592b8
Detected update for service 'vulnerability-tests'
--------------------------------------------------
Service: notus-data
Image:   registry.community.greenbone.net/community/notus-data
Before:  sha256:e8db6fb7329757e02bce8d7a4805a9a72a993417be318eb38885b9f91da08dac
Pull attempt 1/3 for registry.community.greenbone.net/community/notus-data
Using default tag: latest
latest: Pulling from community/notus-data
14f770a76d09: Pulling fs layer
ad0c553d3786: Pulling fs layer
ea4ee0a76433: Pulling fs layer
6cee1951d491: Pulling fs layer
7c69a4fd0c53: Pulling fs layer
ad0c553d3786: Download complete
14f770a76d09: Download complete
ea4ee0a76433: Download complete
7c69a4fd0c53: Download complete
6cee1951d491: Download complete
ad0c553d3786: Pull complete
ea4ee0a76433: Pull complete
7c69a4fd0c53: Pull complete
6cee1951d491: Pull complete
14f770a76d09: Pull complete
Digest: sha256:03a36b1cea2e9c04575380dcb05db56f62f2e7e5103bede30a24abcb4412732a
Status: Downloaded newer image for registry.community.greenbone.net/community/notus-data:latest
registry.community.greenbone.net/community/notus-data:latest
After:   sha256:03a36b1cea2e9c04575380dcb05db56f62f2e7e5103bede30a24abcb4412732a
Detected update for service 'notus-data'
--------------------------------------------------
Service: scap-data
Image:   registry.community.greenbone.net/community/scap-data
Before:  sha256:0a347b7527b30a6588ce670fc711b30f0595d551316a4c19334dc388ee5eb6e8
Pull attempt 1/3 for registry.community.greenbone.net/community/scap-data
Using default tag: latest
latest: Pulling from community/scap-data
bd3351e7de75: Pulling fs layer
f66dbf81311e: Pulling fs layer
bd3351e7de75: Download complete
f66dbf81311e: Download complete
bd3351e7de75: Pull complete
f66dbf81311e: Pull complete
Digest: sha256:9ef3db42fd90f29ab871c839d11f360b50f954a310371b2386396ab157299e49
Status: Downloaded newer image for registry.community.greenbone.net/community/scap-data:latest
registry.community.greenbone.net/community/scap-data:latest
After:   sha256:9ef3db42fd90f29ab871c839d11f360b50f954a310371b2386396ab157299e49
Detected update for service 'scap-data'
--------------------------------------------------
Service: cert-bund-data
Image:   registry.community.greenbone.net/community/cert-bund-data
Before:  sha256:f94e5ce3cb8e9d5f10229618b21a84be9763e7d896a433dacf0e7d45e043bb4a
Pull attempt 1/3 for registry.community.greenbone.net/community/cert-bund-data
Using default tag: latest
latest: Pulling from community/cert-bund-data
5052534b56ee: Pulling fs layer
cd699db49c3b: Pulling fs layer
efe014661f43: Pulling fs layer
efe014661f43: Download complete
5052534b56ee: Download complete
cd699db49c3b: Download complete
cd699db49c3b: Pull complete
efe014661f43: Pull complete
5052534b56ee: Pull complete
Digest: sha256:f2c91bc4fbe3ecbcd89d5716289e2ddbe2a4a2a575e19e6abbeb962d6cfbbd26
Status: Downloaded newer image for registry.community.greenbone.net/community/cert-bund-data:latest
registry.community.greenbone.net/community/cert-bund-data:latest
After:   sha256:f2c91bc4fbe3ecbcd89d5716289e2ddbe2a4a2a575e19e6abbeb962d6cfbbd26
Detected update for service 'cert-bund-data'
--------------------------------------------------
Service: dfn-cert-data
Image:   registry.community.greenbone.net/community/dfn-cert-data
Before:  sha256:12910922aee92e63f94dde759c90f9120ae1a6677289a7872ea645ade0a1a090
Pull attempt 1/3 for registry.community.greenbone.net/community/dfn-cert-data
Using default tag: latest
latest: Pulling from community/dfn-cert-data
c30bea6f8473: Pulling fs layer
38bb05eefe8d: Pulling fs layer
c30bea6f8473: Download complete
38bb05eefe8d: Download complete
c30bea6f8473: Pull complete
38bb05eefe8d: Pull complete
Digest: sha256:105e9c7418617446cc320e7a9a87d033c2f8365734516b363f03f94e6b700740
Status: Downloaded newer image for registry.community.greenbone.net/community/dfn-cert-data:latest
registry.community.greenbone.net/community/dfn-cert-data:latest
After:   sha256:105e9c7418617446cc320e7a9a87d033c2f8365734516b363f03f94e6b700740
Detected update for service 'dfn-cert-data'
--------------------------------------------------
Service: report-formats
Image:   registry.community.greenbone.net/community/report-formats
Before:  sha256:50a47240eeadf7526cf205c85c6dd8c43a35918e045f5c9bdcfae2e71de84057
Pull attempt 1/3 for registry.community.greenbone.net/community/report-formats
Using default tag: latest
latest: Pulling from community/report-formats
08b4ca38bc1b: Pulling fs layer
e86cc19f23fc: Pulling fs layer
94a344d617ce: Pulling fs layer
94a344d617ce: Download complete
08b4ca38bc1b: Download complete
e86cc19f23fc: Download complete
94a344d617ce: Pull complete
e86cc19f23fc: Pull complete
08b4ca38bc1b: Pull complete
Digest: sha256:d0e5ce43bd36a5360256d49de7904f1e29beadd5f1e82ac00829c612c3ac5f16
Status: Downloaded newer image for registry.community.greenbone.net/community/report-formats:latest
registry.community.greenbone.net/community/report-formats:latest
After:   sha256:d0e5ce43bd36a5360256d49de7904f1e29beadd5f1e82ac00829c612c3ac5f16
Detected update for service 'report-formats'
--------------------------------------------------
Service: data-objects
Image:   registry.community.greenbone.net/community/data-objects
Before:  sha256:4dc4c5f2e2a5b65bb6760e185e1dfa31c198aab2e37119a6c18ace1ef564fdd8
Pull attempt 1/3 for registry.community.greenbone.net/community/data-objects
Using default tag: latest
latest: Pulling from community/data-objects
05dcff18f88c: Pulling fs layer
04b3d4b8f156: Pulling fs layer
f5f5e274a111: Pulling fs layer
05dcff18f88c: Download complete
f5f5e274a111: Download complete
04b3d4b8f156: Download complete
f5f5e274a111: Pull complete
04b3d4b8f156: Pull complete
05dcff18f88c: Pull complete
Digest: sha256:4f1065eba32cd2c0425edf6aec7ba20ccbb5bfc63078acf42cda9818d5465f1e
Status: Downloaded newer image for registry.community.greenbone.net/community/data-objects:latest
registry.community.greenbone.net/community/data-objects:latest
After:   sha256:4f1065eba32cd2c0425edf6aec7ba20ccbb5bfc63078acf42cda9818d5465f1e
Detected update for service 'data-objects'
Refreshing feed/data services...
Changed services: vulnerability-tests notus-data scap-data cert-bund-data dfn-cert-data report-formats data-objects
Running: docker compose -f /workspace/docker-compose.yml up -d vulnerability-tests notus-data scap-data cert-bund-data dfn-cert-data report-formats data-objects
----- BEGIN docker compose up output -----
 Container greenbone-community-edition-vulnerability-tests-1  Recreate
 Container greenbone-community-edition-notus-data-1  Recreate
 Container greenbone-community-edition-data-objects-1  Recreate
 Container greenbone-community-edition-cert-bund-data-1  Recreate
 Container greenbone-community-edition-scap-data-1  Recreate
 Container greenbone-community-edition-notus-data-1  Recreated
 Container greenbone-community-edition-data-objects-1  Recreated
 Container greenbone-community-edition-report-formats-1  Recreate
 Container greenbone-community-edition-scap-data-1  Recreated
 Container greenbone-community-edition-cert-bund-data-1  Recreated
 Container greenbone-community-edition-dfn-cert-data-1  Recreate
 Container greenbone-community-edition-vulnerability-tests-1  Recreated
 Container greenbone-community-edition-report-formats-1  Recreated
 Container greenbone-community-edition-dfn-cert-data-1  Recreated
 Container greenbone-community-edition-notus-data-1  Starting
 Container greenbone-community-edition-data-objects-1  Starting
 Container greenbone-community-edition-vulnerability-tests-1  Starting
 Container greenbone-community-edition-cert-bund-data-1  Starting
 Container greenbone-community-edition-scap-data-1  Starting
 Container greenbone-community-edition-cert-bund-data-1  Started
 Container greenbone-community-edition-cert-bund-data-1  Waiting
 Container greenbone-community-edition-data-objects-1  Started
 Container greenbone-community-edition-data-objects-1  Waiting
 Container greenbone-community-edition-scap-data-1  Started
 Container greenbone-community-edition-notus-data-1  Started
 Container greenbone-community-edition-vulnerability-tests-1  Started
 Container greenbone-community-edition-cert-bund-data-1  Healthy
 Container greenbone-community-edition-dfn-cert-data-1  Starting
 Container greenbone-community-edition-data-objects-1  Healthy
 Container greenbone-community-edition-report-formats-1  Starting
 Container greenbone-community-edition-report-formats-1  Started
 Container greenbone-community-edition-dfn-cert-data-1  Started
----- END docker compose up output -----
Restarting dependent services to load refreshed feed...
 Container greenbone-community-edition-ospd-openvas-1  Restarting
 Container greenbone-community-edition-openvas-1  Restarting
 Container greenbone-community-edition-openvasd-1  Restarting
 Container greenbone-community-edition-gvmd-1  Restarting
 Container greenbone-community-edition-openvasd-1  Started
 Container greenbone-community-edition-ospd-openvas-1  Started
 Container greenbone-community-edition-openvas-1  Started
 Container greenbone-community-edition-gvmd-1  Started
UPDATED=true
RESULT_TYPE=updated
[2026-04-09T19:49:58+07:00] FEED UPDATE AUTOMATION DONE
==================================================
==================================================
[2026-04-09T19:53:50+07:00] START feed update automation
Using compose dir: /workspace
Using log file: /app/logs/feed-update.log
Force update: false
Resolved compose file: /workspace/docker-compose.yml
Feed services: vulnerability-tests notus-data scap-data cert-bund-data dfn-cert-data report-formats data-objects
Checking feed images one by one...
--------------------------------------------------
Service: vulnerability-tests
Image:   registry.community.greenbone.net/community/vulnerability-tests
Before:  sha256:9fb83c2c268115416c3a8874e1d89be96bbbd27c78b655d5708aa61a0ae592b8
Pull attempt 1/3 for registry.community.greenbone.net/community/vulnerability-tests
Using default tag: latest
latest: Pulling from community/vulnerability-tests
Digest: sha256:9fb83c2c268115416c3a8874e1d89be96bbbd27c78b655d5708aa61a0ae592b8
Status: Image is up to date for registry.community.greenbone.net/community/vulnerability-tests:latest
registry.community.greenbone.net/community/vulnerability-tests:latest
After:   sha256:9fb83c2c268115416c3a8874e1d89be96bbbd27c78b655d5708aa61a0ae592b8
No image change for service 'vulnerability-tests'
--------------------------------------------------
Service: notus-data
Image:   registry.community.greenbone.net/community/notus-data
Before:  sha256:03a36b1cea2e9c04575380dcb05db56f62f2e7e5103bede30a24abcb4412732a
Pull attempt 1/3 for registry.community.greenbone.net/community/notus-data
Using default tag: latest
latest: Pulling from community/notus-data
Digest: sha256:03a36b1cea2e9c04575380dcb05db56f62f2e7e5103bede30a24abcb4412732a
Status: Image is up to date for registry.community.greenbone.net/community/notus-data:latest
registry.community.greenbone.net/community/notus-data:latest
After:   sha256:03a36b1cea2e9c04575380dcb05db56f62f2e7e5103bede30a24abcb4412732a
No image change for service 'notus-data'
--------------------------------------------------
Service: scap-data
Image:   registry.community.greenbone.net/community/scap-data
Before:  sha256:9ef3db42fd90f29ab871c839d11f360b50f954a310371b2386396ab157299e49
Pull attempt 1/3 for registry.community.greenbone.net/community/scap-data
Using default tag: latest
latest: Pulling from community/scap-data
Digest: sha256:9ef3db42fd90f29ab871c839d11f360b50f954a310371b2386396ab157299e49
Status: Image is up to date for registry.community.greenbone.net/community/scap-data:latest
registry.community.greenbone.net/community/scap-data:latest
After:   sha256:9ef3db42fd90f29ab871c839d11f360b50f954a310371b2386396ab157299e49
No image change for service 'scap-data'
--------------------------------------------------
Service: cert-bund-data
Image:   registry.community.greenbone.net/community/cert-bund-data
Before:  sha256:f2c91bc4fbe3ecbcd89d5716289e2ddbe2a4a2a575e19e6abbeb962d6cfbbd26
Pull attempt 1/3 for registry.community.greenbone.net/community/cert-bund-data
Using default tag: latest
latest: Pulling from community/cert-bund-data
Digest: sha256:f2c91bc4fbe3ecbcd89d5716289e2ddbe2a4a2a575e19e6abbeb962d6cfbbd26
Status: Image is up to date for registry.community.greenbone.net/community/cert-bund-data:latest
registry.community.greenbone.net/community/cert-bund-data:latest
After:   sha256:f2c91bc4fbe3ecbcd89d5716289e2ddbe2a4a2a575e19e6abbeb962d6cfbbd26
No image change for service 'cert-bund-data'
--------------------------------------------------
Service: dfn-cert-data
Image:   registry.community.greenbone.net/community/dfn-cert-data
Before:  sha256:105e9c7418617446cc320e7a9a87d033c2f8365734516b363f03f94e6b700740
Pull attempt 1/3 for registry.community.greenbone.net/community/dfn-cert-data
Using default tag: latest
latest: Pulling from community/dfn-cert-data
Digest: sha256:105e9c7418617446cc320e7a9a87d033c2f8365734516b363f03f94e6b700740
Status: Image is up to date for registry.community.greenbone.net/community/dfn-cert-data:latest
registry.community.greenbone.net/community/dfn-cert-data:latest
After:   sha256:105e9c7418617446cc320e7a9a87d033c2f8365734516b363f03f94e6b700740
No image change for service 'dfn-cert-data'
--------------------------------------------------
Service: report-formats
Image:   registry.community.greenbone.net/community/report-formats
Before:  sha256:d0e5ce43bd36a5360256d49de7904f1e29beadd5f1e82ac00829c612c3ac5f16
Pull attempt 1/3 for registry.community.greenbone.net/community/report-formats
Using default tag: latest
latest: Pulling from community/report-formats
Digest: sha256:d0e5ce43bd36a5360256d49de7904f1e29beadd5f1e82ac00829c612c3ac5f16
Status: Image is up to date for registry.community.greenbone.net/community/report-formats:latest
registry.community.greenbone.net/community/report-formats:latest
After:   sha256:d0e5ce43bd36a5360256d49de7904f1e29beadd5f1e82ac00829c612c3ac5f16
No image change for service 'report-formats'
--------------------------------------------------
Service: data-objects
Image:   registry.community.greenbone.net/community/data-objects
Before:  sha256:4f1065eba32cd2c0425edf6aec7ba20ccbb5bfc63078acf42cda9818d5465f1e
Pull attempt 1/3 for registry.community.greenbone.net/community/data-objects
Using default tag: latest
latest: Pulling from community/data-objects
Digest: sha256:4f1065eba32cd2c0425edf6aec7ba20ccbb5bfc63078acf42cda9818d5465f1e
Status: Image is up to date for registry.community.greenbone.net/community/data-objects:latest
registry.community.greenbone.net/community/data-objects:latest
After:   sha256:4f1065eba32cd2c0425edf6aec7ba20ccbb5bfc63078acf42cda9818d5465f1e
No image change for service 'data-objects'
No new feed updates found.
UPDATED=false
RESULT_TYPE=no_update
[2026-04-09T19:54:21+07:00] FEED CHECK DONE (NO UPDATE)
==================================================
